Build started 8/4/2020 23:41:45.
     1>Project "c:\Users\Max\documents\visual studio 2010\Projects\Hw3\Hw3\Hw3.vcxproj" on node 2 (build target(s)).
     1>PrepareForBuild:
         Creating directory "c:\users\max\documents\visual studio 2010\Projects\Hw3\Debug\".
       InitializeBuildStatus:
         Creating "Debug\Hw3.unsuccessfulbuild" because "AlwaysCreate" was specified.
       ClCompile:
         C:\Program Files (x86)\Microsoft Visual Studio 10.0\VC\bin\CL.exe /c /ZI /nologo /W3 /WX- /Od /Oy- /D WIN32 /D _DEBUG /D _CONSOLE /D _UNICODE /D UNICODE /Gm /EHsc /RTC1 /MDd /GS /fp:precise /Zc:wchar_t /Zc:forScope /Fo"Debug\\" /Fd"Debug\vc100.pdb" /Gd /TP /analyze- /errorReport:prompt Hw3.cpp
         Hw3.cpp
     1>c:\users\max\documents\visual studio 2010\projects\hw3\hw3\hw3.cpp(4): warning C4101: 'small' : unreferenced local variable
       ManifestResourceCompile:
         C:\Program Files (x86)\Microsoft SDKs\Windows\v7.0A\bin\rc.exe /nologo /fo"Debug\Hw3.exe.embed.manifest.res" Debug\Hw3_manifest.rc 
       Link:
         C:\Program Files (x86)\Microsoft Visual Studio 10.0\VC\bin\link.exe /ERRORREPORT:PROMPT /OUT:"c:\users\max\documents\visual studio 2010\Projects\Hw3\Debug\Hw3.exe" /INCREMENTAL /NOLOGO kernel32.lib user32.lib gdi32.lib winspool.lib comdlg32.lib advapi32.lib shell32.lib ole32.lib oleaut32.lib uuid.lib odbc32.lib odbccp32.lib /MANIFEST /ManifestFile:"Debug\Hw3.exe.intermediate.manifest" /MANIFESTUAC:"level='asInvoker' uiAccess='false'" /DEBUG /PDB:"c:\users\max\documents\visual studio 2010\Projects\Hw3\Debug\Hw3.pdb" /SUBSYSTEM:CONSOLE /TLBID:1 /DYNAMICBASE /NXCOMPAT /IMPLIB:"c:\users\max\documents\visual studio 2010\Projects\Hw3\Debug\Hw3.lib" /MACHINE:X86 Debug\Hw3.exe.embed.manifest.res
         Debug\Hw3.obj
       Manifest:
         C:\Program Files (x86)\Microsoft SDKs\Windows\v7.0A\bin\mt.exe /nologo /verbose /out:"Debug\Hw3.exe.embed.manifest" /manifest Debug\Hw3.exe.intermediate.manifest
         C:\Program Files (x86)\Microsoft SDKs\Windows\v7.0A\bin\rc.exe /nologo /fo"Debug\Hw3.exe.embed.manifest.res" Debug\Hw3_manifest.rc 
       LinkEmbedManifest:
         C:\Program Files (x86)\Microsoft Visual Studio 10.0\VC\bin\link.exe /ERRORREPORT:PROMPT /OUT:"c:\users\max\documents\visual studio 2010\Projects\Hw3\Debug\Hw3.exe" /INCREMENTAL /NOLOGO kernel32.lib user32.lib gdi32.lib winspool.lib comdlg32.lib advapi32.lib shell32.lib ole32.lib oleaut32.lib uuid.lib odbc32.lib odbccp32.lib /MANIFEST /ManifestFile:"Debug\Hw3.exe.intermediate.manifest" /MANIFESTUAC:"level='asInvoker' uiAccess='false'" /DEBUG /PDB:"c:\users\max\documents\visual studio 2010\Projects\Hw3\Debug\Hw3.pdb" /SUBSYSTEM:CONSOLE /TLBID:1 /DYNAMICBASE /NXCOMPAT /IMPLIB:"c:\users\max\documents\visual studio 2010\Projects\Hw3\Debug\Hw3.lib" /MACHINE:X86 Debug\Hw3.exe.embed.manifest.res
         Debug\Hw3.obj
         Hw3.vcxproj -> c:\users\max\documents\visual studio 2010\Projects\Hw3\Debug\Hw3.exe
       FinalizeBuildStatus:
         Deleting file "Debug\Hw3.unsuccessfulbuild".
         Touching "Debug\Hw3.lastbuildstate".
     1>Done Building Project "c:\Users\Max\documents\visual studio 2010\Projects\Hw3\Hw3\Hw3.vcxproj" (build target(s)).

Build succeeded.

Time Elapsed 00:00:02.25
